<?xml version="1.0" encoding="UTF-8"?>
<!-- Generated by org.testng.reporters.JUnitReportReporter -->
<testsuite hostname="DESKTOP-OT8OU31" name="seleniummukesh.TestNgannotations" tests="2" failures="0" timestamp="17 May 2018 10:08:40 GMT" time="0.006" errors="0">
  <testcase name="testCase1" time="0.005" classname="seleniummukesh.TestNgannotations"/>
  <testcase name="testCase2" time="0.001" classname="seleniummukesh.TestNgannotations"/>
</testsuite> <!-- seleniummukesh.TestNgannotations -->
