<?xml version="1.0" encoding="UTF-8"?>
<!-- Generated by org.testng.reporters.JUnitReportReporter -->
<testsuite hostname="DESKTOP-OT8OU31" name="com.crm.qa.testcase.LoginPageTest" tests="1" failures="0" timestamp="4 May 2018 04:17:46 GMT" time="11.987" errors="0">
  <testcase name="verifyLoginPageTest" time="11.987" classname="com.crm.qa.testcase.LoginPageTest"/>
</testsuite> <!-- com.crm.qa.testcase.LoginPageTest -->
