<?xml version="1.0" encoding="UTF-8"?>
<!-- Generated by org.testng.reporters.JUnitReportReporter -->
<testsuite hostname="DESKTOP-OT8OU31" name="com.crm.qa.testcase.VerifyValidLoginNew" tests="1" failures="0" timestamp="4 May 2018 05:20:43 GMT" time="7.916" errors="0">
  <testcase name="checkValidUser" time="7.916" classname="com.crm.qa.testcase.VerifyValidLoginNew"/>
</testsuite> <!-- com.crm.qa.testcase.VerifyValidLoginNew -->
